SF:lib\flutter_cardidy.dart
DA:22,3
DA:23,1
DA:24,1
DA:25,1
DA:26,1
DA:27,1
DA:28,1
DA:29,1
DA:30,1
DA:31,1
DA:32,1
DA:33,1
DA:34,1
DA:35,1
DA:36,1
DA:37,1
DA:38,1
DA:39,1
DA:40,1
DA:41,1
DA:42,1
DA:43,1
DA:44,1
DA:45,1
DA:75,1
DA:82,1
DA:83,1
DA:86,1
DA:89,1
DA:90,1
DA:91,1
DA:92,1
DA:96,1
DA:97,5
DA:98,1
DA:99,3
DA:100,0
DA:101,1
DA:102,1
DA:131,0
DA:138,0
DA:139,0
DA:140,0
DA:141,0
DA:148,0
DA:169,0
DA:173,0
DA:174,0
DA:175,0
DA:176,0
DA:177,0
DA:195,0
DA:199,0
LF:53
LH:38
end_of_record
SF:lib\src\models\card_type.dart
DA:5,1
LF:1
LH:1
end_of_record
SF:lib\src\extensions\extensions.dart
DA:6,1
DA:7,3
DA:10,0
DA:12,1
DA:13,2
DA:15,1
DA:16,1
DA:18,3
DA:20,0
DA:21,0
DA:23,1
DA:24,1
DA:26,0
DA:28,1
DA:29,1
DA:30,3
DA:31,1
DA:35,1
DA:36,4
DA:48,1
DA:49,1
DA:50,1
DA:51,2
DA:52,2
DA:55,1
DA:56,2
DA:57,3
DA:58,1
DA:61,2
DA:62,1
DA:70,0
LF:31
LH:26
end_of_record
SF:lib\src\models\acard.dart
DA:6,1
DA:7,1
DA:8,1
DA:9,1
DA:12,1
DA:13,1
DA:14,5
DA:15,1
DA:18,1
DA:19,1
DA:20,3
DA:21,1
DA:33,0
LF:13
LH:12
end_of_record
SF:lib\src\models\aluhn_card.dart
DA:6,1
DA:8,1
DA:10,1
DA:11,1
DA:13,1
DA:14,1
DA:16,0
DA:17,0
DA:28,0
DA:29,0
DA:30,0
DA:31,0
DA:32,0
DA:33,0
DA:35,0
DA:36,0
DA:38,0
DA:39,0
DA:41,0
LF:19
LH:6
end_of_record
SF:lib\src\models\card_type.dart
DA:5,1
LF:1
LH:1
end_of_record
SF:lib\src\models\cards.dart
DA:15,1
DA:16,2
DA:20,2
DA:24,1
DA:25,3
DA:29,1
DA:30,1
DA:31,1
DA:35,3
DA:39,2
DA:43,1
DA:44,1
DA:46,3
DA:47,1
DA:51,1
DA:52,1
DA:54,1
DA:55,1
DA:56,1
DA:57,1
DA:58,1
DA:64,1
DA:65,2
DA:69,1
DA:70,1
DA:71,1
DA:75,1
DA:76,1
DA:77,3
DA:81,1
DA:82,3
DA:86,1
DA:87,1
DA:88,3
DA:92,1
DA:93,1
DA:94,2
DA:98,2
DA:102,2
DA:106,1
DA:107,2
DA:111,1
DA:112,1
DA:113,2
DA:117,3
DA:121,3
DA:125,2
DA:129,2
DA:133,2
LF:49
LH:49
end_of_record
SF:lib\src\models\padded_range.dart
DA:8,1
DA:9,2
DA:10,2
DA:13,1
DA:14,2
DA:15,2
DA:21,5
LF:7
LH:7
end_of_record
